
----------------------------------------------------------------------------
--                            Design Analysis                             --
----------------------------------------------------------------------------
Analyze pcore uart ...


----------------------------------------------------------------------------
--                            Design Analysis                             --
----------------------------------------------------------------------------
Analyze pcore uart ...


----------------------------------------------------------------------------
--                            File Generation                             --
----------------------------------------------------------------------------
Creating HDL source directory ...
Generating top peripheral VHDL template ...
Generating stub user logic Verilog template ...
HDL templates successfully generated ...
Creating data directory ...
Generating XPS inteface files ...
WARNING:HDLParsers:3497 - Ignoring Verilog File
   "J:/Documents/Projects/Pipistrello_v2.0/MBduino/mb_system/pcores/uart_v1_00_a
   /data/../hdl/verilog/user_logic.v"
Compiling vhdl file
"C:/Xilinx/14.4/ISE_DS/EDK/hw/XilinxProcessorIPLib/pcores/proc_common_v3_00_a/hd
l/vhdl/proc_common_pkg.vhd" in Library proc_common_v3_00_a.
Package <proc_common_pkg> compiled.
Package body <proc_common_pkg> compiled.
Compiling vhdl file
"C:/Xilinx/14.4/ISE_DS/EDK/hw/XilinxProcessorIPLib/pcores/proc_common_v3_00_a/hd
l/vhdl/family_support.vhd" in Library proc_common_v3_00_a.
Package <family_support> compiled.
Package body <family_support> compiled.
Compiling vhdl file
"C:/Xilinx/14.4/ISE_DS/EDK/hw/XilinxProcessorIPLib/pcores/proc_common_v3_00_a/hd
l/vhdl/or_muxcy.vhd" in Library proc_common_v3_00_a.
Entity <or_muxcy> compiled.
Entity <or_muxcy> (Architecture <implementation>) compiled.
Compiling vhdl file
"C:/Xilinx/14.4/ISE_DS/EDK/hw/XilinxProcessorIPLib/pcores/proc_common_v3_00_a/hd
l/vhdl/or_gate128.vhd" in Library proc_common_v3_00_a.
Entity <or_gate128> compiled.
Entity <or_gate128> (Architecture <imp>) compiled.
Compiling vhdl file
"C:/Xilinx/14.4/ISE_DS/EDK/hw/XilinxProcessorIPLib/pcores/proc_common_v3_00_a/hd
l/vhdl/counter_f.vhd" in Library proc_common_v3_00_a.
Entity <counter_f> compiled.
Entity <counter_f> (Architecture <imp>) compiled.
Compiling vhdl file
"C:/Xilinx/14.4/ISE_DS/EDK/hw/XilinxProcessorIPLib/pcores/proc_common_v3_00_a/hd
l/vhdl/pselect_f.vhd" in Library proc_common_v3_00_a.
Entity <pselect_f> compiled.
Entity <pselect_f> (Architecture <imp>) compiled.
Compiling vhdl file
"C:/Xilinx/14.4/ISE_DS/EDK/hw/XilinxProcessorIPLib/pcores/proc_common_v3_00_a/hd
l/vhdl/ipif_pkg.vhd" in Library proc_common_v3_00_a.
Package <ipif_pkg> compiled.
Package body <ipif_pkg> compiled.
Compiling vhdl file
"C:/Xilinx/14.4/ISE_DS/EDK/hw/XilinxProcessorIPLib/pcores/axi_lite_ipif_v1_01_a/
hdl/vhdl/address_decoder.vhd" in Library axi_lite_ipif_v1_01_a.
Entity <address_decoder> compiled.
Entity <address_decoder> (Architecture <IMP>) compiled.
Compiling vhdl file
"C:/Xilinx/14.4/ISE_DS/EDK/hw/XilinxProcessorIPLib/pcores/axi_lite_ipif_v1_01_a/
hdl/vhdl/slave_attachment.vhd" in Library axi_lite_ipif_v1_01_a.
Entity <slave_attachment> compiled.
Entity <slave_attachment> (Architecture <imp>) compiled.
Compiling vhdl file
"C:/Xilinx/14.4/ISE_DS/EDK/hw/XilinxProcessorIPLib/pcores/axi_lite_ipif_v1_01_a/
hdl/vhdl/axi_lite_ipif.vhd" in Library axi_lite_ipif_v1_01_a.
Entity <axi_lite_ipif> compiled.
Entity <axi_lite_ipif> (Architecture <imp>) compiled.
Compiling vhdl file
"J:/Documents/Projects/Pipistrello_v2.0/MBduino/mb_system/pcores/uart_v1_00_a/da
ta/../hdl/vhdl/uart.vhd" in Library uart_v1_00_a.
Entity <uart> compiled.
Entity <uart> (Architecture <IMP>) compiled.


Analyzing HDL attributes ...
Entity name = uart
INFO:EDK:1607 - IPTYPE set to value : PERIPHERAL
INFO:EDK:1511 - IMP_NETLIST set to value : TRUE
INFO:EDK:1486 - HDL set to value : VHDL
WARNING:EDK:3588 - Unable to delete temporary XST project file
   J:\Documents\Projects\Pipistrello_v2.0\MBduino\mb_system\pcores\uart_v1_00_a\
   data\_uart_xst.prj : 13
XPS interface files successfully generated ...
Creating development directory ...
Generating command option file ...
Generating readme file ...
Development misc files successfully generated ...
Creating projnav directory ...
Generating ProjNav support files ...
ProjNav support files successfully generated ...
Creating synthesis directory ...
Generating XST synthesis support files ...
XST synthesis support files successfully generated ...
No BFM simulation files will be generated at this time ...
Creating software driver data directory ...
Generating software driver XPS interface (mdd/tcl) files ...
Software driver data definition file (.mdd) successfully generated ...
Software driver data generation file (.tcl) successfully generated ...
Creating software driver src directory ...
Generating software driver template files ...
Software driver compile file (Makefile) successfully generated ...
output user slave register(s) offset to software driver header ...
Software driver header file (.h) successfully generated ...
Software driver source file (.c) successfully generated ...
Software driver SelfTest file (.c) successfully generated ...
Software driver template files successfully generated ...

----------------------------------------------------------------------------
--                              Final Report                              --
----------------------------------------------------------------------------
Thank you for using Create and Import Peripheral Wizard! Please find your
peripheral hardware templates under
J:\Documents\Projects\Pipistrello_v2.0\MBduino\mb_system/pcores/uart_v1_00_a and
peripheral software templates under
J:\Documents\Projects\Pipistrello_v2.0\MBduino\mb_system/drivers/uart_v1_00_a
respectively.

Peripheral Summary:

  top name       : uart
  version        : 1.00.a
  type           : AXI4LITE slave
  features       : slave attachment
                   user s/w registers

Address Block Summary:

  user logic slv : C_BASEADDR + 0x00000000
                 : C_BASEADDR + 0x000000FF

File Summary

  - HDL source -
J:\Documents\Projects\Pipistrello_v2.0\MBduino\mb_system/pcores/uart_v1_00_a/hdl
  top entity     : vhdl/uart.vhd
  user logic     : verilog/user_logic.v

  - XPS interface -
J:\Documents\Projects\Pipistrello_v2.0\MBduino\mb_system/pcores/uart_v1_00_a/dat
a
  mpd            : uart_v2_1_0.mpd
  pao            : uart_v2_1_0.pao

  - ISE project -
J:\Documents\Projects\Pipistrello_v2.0\MBduino\mb_system/pcores/uart_v1_00_a/dev
l/projnav
  ise project    : uart.xise
  tcl script     : uart.tcl


  - XST synthesis -
J:\Documents\Projects\Pipistrello_v2.0\MBduino\mb_system/pcores/uart_v1_00_a/dev
l/synthesis
  xst script     : uart_xst.scr
  xst project    : uart_xst.prj

  - Misc file -
J:\Documents\Projects\Pipistrello_v2.0\MBduino\mb_system/pcores/uart_v1_00_a/dev
l
  help           : README.txt
  option         : ipwiz.opt
  log            : ipwiz.log

  - Driver source -
J:\Documents\Projects\Pipistrello_v2.0\MBduino\mb_system/drivers/uart_v1_00_a/sr
c
  makefile       : Makefile
  header         : uart.h
  source         : uart.c
  selftest       : uart_selftest.c

  - Driver interface -
J:\Documents\Projects\Pipistrello_v2.0\MBduino\mb_system/drivers/uart_v1_00_a/da
ta
  mdd            : uart_v2_1_0.mdd
  tcl            : uart_v2_1_0.tcl


