Release 14.4 - xst P.49d (nt64)
Copyright (c) 1995-2012 Xilinx, Inc.  All rights reserved.
--> Parameter TMPDIR set to xst/projnav.tmp


Total REAL time to Xst completion: 0.00 secs
Total CPU time to Xst completion: 0.06 secs
 
--> Parameter xsthdpdir set to xst


Total REAL time to Xst completion: 0.00 secs
Total CPU time to Xst completion: 0.06 secs
 
--> Reading design: spi.prj

TABLE OF CONTENTS
  1) Synthesis Options Summary
  2) HDL Parsing
  3) HDL Elaboration
  4) HDL Synthesis
       4.1) HDL Synthesis Report
  5) Advanced HDL Synthesis
       5.1) Advanced HDL Synthesis Report
  6) Low Level Synthesis
  7) Partition Report
  8) Design Summary
       8.1) Primitive and Black Box Usage
       8.2) Device utilization summary
       8.3) Partition Resource Summary
       8.4) Timing Report
            8.4.1) Clock Information
            8.4.2) Asynchronous Control Signals Information
            8.4.3) Timing Summary
            8.4.4) Timing Details
            8.4.5) Cross Clock Domains Report


=========================================================================
*                      Synthesis Options Summary                        *
=========================================================================
---- Source Parameters
Input File Name                    : "spi.prj"
Ignore Synthesis Constraint File   : NO

---- Target Parameters
Output File Name                   : "spi"
Output Format                      : NGC
Target Device                      : xc6slx45-3-csg324

---- Source Options
Top Module Name                    : spi
Automatic FSM Extraction           : YES
FSM Encoding Algorithm             : Auto
Safe Implementation                : No
FSM Style                          : LUT
RAM Extraction                     : Yes
RAM Style                          : Auto
ROM Extraction                     : Yes
Shift Register Extraction          : YES
ROM Style                          : Auto
Resource Sharing                   : YES
Asynchronous To Synchronous        : NO
Shift Register Minimum Size        : 2
Use DSP Block                      : Auto
Automatic Register Balancing       : No

---- Target Options
LUT Combining                      : Auto
Reduce Control Sets                : Auto
Add IO Buffers                     : YES
Global Maximum Fanout              : 100000
Add Generic Clock Buffer(BUFG)     : 16
Register Duplication               : YES
Optimize Instantiated Primitives   : NO
Use Clock Enable                   : Auto
Use Synchronous Set                : Auto
Use Synchronous Reset              : Auto
Pack IO Registers into IOBs        : Auto
Equivalent register Removal        : YES

---- General Options
Optimization Goal                  : Speed
Optimization Effort                : 1
Power Reduction                    : NO
Keep Hierarchy                     : No
Netlist Hierarchy                  : As_Optimized
RTL Output                         : Yes
Global Optimization                : AllClockNets
Read Cores                         : YES
Write Timing Constraints           : NO
Cross Clock Analysis               : NO
Hierarchy Separator                : /
Bus Delimiter                      : <>
Case Specifier                     : Maintain
Slice Utilization Ratio            : 100
BRAM Utilization Ratio             : 100
DSP48 Utilization Ratio            : 100
Auto BRAM Packing                  : NO
Slice Utilization Ratio Delta      : 5

=========================================================================


=========================================================================
*                          HDL Parsing                                  *
=========================================================================
Analyzing Verilog file "J:\Documents\Projects\Pipistrello_v2.0\MBduino\mb_system\pcores\spi_v1_00_a\hdl\verilog\user_logic.v" into library work
Parsing module <user_logic>.
Parsing VHDL file "C:/Xilinx/14.4/ISE_DS/EDK/hw/XilinxProcessorIPLib/pcores/proc_common_v3_00_a/hdl/vhdl/proc_common_pkg.vhd" into library proc_common_v3_00_a
Parsing package <proc_common_pkg>.
Parsing package body <proc_common_pkg>.
Parsing VHDL file "C:/Xilinx/14.4/ISE_DS/EDK/hw/XilinxProcessorIPLib/pcores/proc_common_v3_00_a/hdl/vhdl/family_support.vhd" into library proc_common_v3_00_a
Parsing package <family_support>.
Parsing package body <family_support>.
Parsing VHDL file "C:/Xilinx/14.4/ISE_DS/EDK/hw/XilinxProcessorIPLib/pcores/proc_common_v3_00_a/hdl/vhdl/pselect_f.vhd" into library proc_common_v3_00_a
Parsing entity <pselect_f>.
Parsing architecture <imp> of entity <pselect_f>.
Parsing VHDL file "C:/Xilinx/14.4/ISE_DS/EDK/hw/XilinxProcessorIPLib/pcores/proc_common_v3_00_a/hdl/vhdl/ipif_pkg.vhd" into library proc_common_v3_00_a
Parsing package <ipif_pkg>.
Parsing package body <ipif_pkg>.
Parsing VHDL file "C:/Xilinx/14.4/ISE_DS/EDK/hw/XilinxProcessorIPLib/pcores/proc_common_v3_00_a/hdl/vhdl/counter_f.vhd" into library proc_common_v3_00_a
Parsing entity <counter_f>.
Parsing architecture <imp> of entity <counter_f>.
Parsing VHDL file "C:/Xilinx/14.4/ISE_DS/EDK/hw/XilinxProcessorIPLib/pcores/axi_lite_ipif_v1_01_a/hdl/vhdl/address_decoder.vhd" into library axi_lite_ipif_v1_01_a
Parsing entity <address_decoder>.
Parsing architecture <IMP> of entity <address_decoder>.
Parsing VHDL file "C:/Xilinx/14.4/ISE_DS/EDK/hw/XilinxProcessorIPLib/pcores/axi_lite_ipif_v1_01_a/hdl/vhdl/slave_attachment.vhd" into library axi_lite_ipif_v1_01_a
Parsing entity <slave_attachment>.
Parsing architecture <imp> of entity <slave_attachment>.
Parsing VHDL file "C:/Xilinx/14.4/ISE_DS/EDK/hw/XilinxProcessorIPLib/pcores/axi_lite_ipif_v1_01_a/hdl/vhdl/axi_lite_ipif.vhd" into library axi_lite_ipif_v1_01_a
Parsing entity <axi_lite_ipif>.
Parsing architecture <imp> of entity <axi_lite_ipif>.
Parsing VHDL file "J:\Documents\Projects\Pipistrello_v2.0\MBduino\mb_system\pcores\spi_v1_00_a\hdl\vhdl\spi.vhd" into library work
Parsing entity <spi>.
Parsing architecture <IMP> of entity <spi>.

=========================================================================
*                            HDL Elaboration                            *
=========================================================================

Elaborating entity <spi> (architecture <IMP>) with generics from library <work>.

Elaborating entity <axi_lite_ipif> (architecture <imp>) with generics from library <axi_lite_ipif_v1_01_a>.

Elaborating entity <slave_attachment> (architecture <imp>) with generics from library <axi_lite_ipif_v1_01_a>.

Elaborating entity <address_decoder> (architecture <IMP>) with generics from library <axi_lite_ipif_v1_01_a>.

Elaborating entity <pselect_f> (architecture <imp>) with generics from library <proc_common_v3_00_a>.

Elaborating entity <pselect_f> (architecture <imp>) with generics from library <proc_common_v3_00_a>.

Elaborating entity <pselect_f> (architecture <imp>) with generics from library <proc_common_v3_00_a>.

Elaborating entity <pselect_f> (architecture <imp>) with generics from library <proc_common_v3_00_a>.

Elaborating entity <pselect_f> (architecture <imp>) with generics from library <proc_common_v3_00_a>.

Elaborating entity <pselect_f> (architecture <imp>) with generics from library <proc_common_v3_00_a>.

Elaborating entity <pselect_f> (architecture <imp>) with generics from library <proc_common_v3_00_a>.

Elaborating entity <pselect_f> (architecture <imp>) with generics from library <proc_common_v3_00_a>.

Elaborating entity <pselect_f> (architecture <imp>) with generics from library <proc_common_v3_00_a>.

Elaborating entity <pselect_f> (architecture <imp>) with generics from library <proc_common_v3_00_a>.

Elaborating entity <pselect_f> (architecture <imp>) with generics from library <proc_common_v3_00_a>.
INFO:HDLCompiler:679 - "C:/Xilinx/14.4/ISE_DS/EDK/hw/XilinxProcessorIPLib/pcores/axi_lite_ipif_v1_01_a/hdl/vhdl/slave_attachment.vhd" Line 417. Case statement is complete. others clause is never selected
Going to verilog side to elaborate module user_logic

Elaborating module <user_logic(C_NUM_REG=11,C_SLV_DWIDTH=32)>.
WARNING:HDLCompiler:413 - "J:\Documents\Projects\Pipistrello_v2.0\MBduino\mb_system\pcores\spi_v1_00_a\hdl\verilog\user_logic.v" Line 360: Result of 8-bit expression is truncated to fit in 1-bit target.
Back to vhdl to continue elaboration

=========================================================================
*                           HDL Synthesis                               *
=========================================================================

Synthesizing Unit <spi>.
    Related source file is "J:\Documents\Projects\Pipistrello_v2.0\MBduino\mb_system\pcores\spi_v1_00_a\hdl\vhdl\spi.vhd".
WARNING:Xst:37 - Detected unknown constraint/property "sigis". This constraint/property is not supported by the current software release and will be ignored.
WARNING:Xst:37 - Detected unknown constraint/property "sigis". This constraint/property is not supported by the current software release and will be ignored.
        C_S_AXI_DATA_WIDTH = 32
        C_S_AXI_ADDR_WIDTH = 32
        C_S_AXI_MIN_SIZE = "00000000000000000000000111111111"
        C_USE_WSTRB = 0
        C_DPHASE_TIMEOUT = 8
        C_BASEADDR = "11111111111111111111111111111111"
        C_HIGHADDR = "00000000000000000000000000000000"
        C_FAMILY = "virtex6"
        C_NUM_REG = 1
        C_NUM_MEM = 1
        C_SLV_AWIDTH = 32
        C_SLV_DWIDTH = 32
    Set property "MAX_FANOUT = 10000" for signal <S_AXI_ACLK>.
WARNING:Xst:37 - Detected unknown constraint/property "sigis". This constraint/property is not supported by the current software release and will be ignored.
    Set property "MAX_FANOUT = 10000" for signal <S_AXI_ARESETN>.
WARNING:Xst:37 - Detected unknown constraint/property "sigis". This constraint/property is not supported by the current software release and will be ignored.
INFO:Xst:3210 - "J:\Documents\Projects\Pipistrello_v2.0\MBduino\mb_system\pcores\spi_v1_00_a\hdl\vhdl\spi.vhd" line 283: Output port <Bus2IP_Addr> of the instance <AXI_LITE_IPIF_I> is unconnected or connected to loadless signal.
INFO:Xst:3210 - "J:\Documents\Projects\Pipistrello_v2.0\MBduino\mb_system\pcores\spi_v1_00_a\hdl\vhdl\spi.vhd" line 283: Output port <Bus2IP_CS> of the instance <AXI_LITE_IPIF_I> is unconnected or connected to loadless signal.
INFO:Xst:3210 - "J:\Documents\Projects\Pipistrello_v2.0\MBduino\mb_system\pcores\spi_v1_00_a\hdl\vhdl\spi.vhd" line 283: Output port <Bus2IP_RNW> of the instance <AXI_LITE_IPIF_I> is unconnected or connected to loadless signal.
    Summary:
	no macro.
Unit <spi> synthesized.

Synthesizing Unit <axi_lite_ipif>.
    Related source file is "C:/Xilinx/14.4/ISE_DS/EDK/hw/XilinxProcessorIPLib/pcores/axi_lite_ipif_v1_01_a/hdl/vhdl/axi_lite_ipif.vhd".
        C_S_AXI_DATA_WIDTH = 32
        C_S_AXI_ADDR_WIDTH = 32
        C_S_AXI_MIN_SIZE = "00000000000000000000000111111111"
        C_USE_WSTRB = 0
        C_DPHASE_TIMEOUT = 8
        C_ARD_ADDR_RANGE_ARRAY = ("0000000000000000000000000000000011111111111111111111111111111111","0000000000000000000000000000000000000000000000000000000000000000")
        C_ARD_NUM_CE_ARRAY = (11)
        C_FAMILY = "virtex6"
    Summary:
	no macro.
Unit <axi_lite_ipif> synthesized.

Synthesizing Unit <slave_attachment>.
    Related source file is "C:/Xilinx/14.4/ISE_DS/EDK/hw/XilinxProcessorIPLib/pcores/axi_lite_ipif_v1_01_a/hdl/vhdl/slave_attachment.vhd".
        C_ARD_ADDR_RANGE_ARRAY = ("0000000000000000000000000000000011111111111111111111111111111111","0000000000000000000000000000000000000000000000000000000000000000")
        C_ARD_NUM_CE_ARRAY = (11)
        C_IPIF_ABUS_WIDTH = 32
        C_IPIF_DBUS_WIDTH = 32
        C_S_AXI_MIN_SIZE = "00000000000000000000000111111111"
        C_USE_WSTRB = 0
        C_DPHASE_TIMEOUT = 8
        C_FAMILY = "virtex6"
WARNING:Xst:647 - Input <S_AXI_AWADDR<31:9>> is never used. This port will be preserved and left unconnected if it belongs to a top-level block or it belongs to a sub-block and the hierarchy of this sub-block is preserved.
WARNING:Xst:647 - Input <S_AXI_WSTRB> is never used. This port will be preserved and left unconnected if it belongs to a top-level block or it belongs to a sub-block and the hierarchy of this sub-block is preserved.
WARNING:Xst:647 - Input <S_AXI_ARADDR<31:9>> is never used. This port will be preserved and left unconnected if it belongs to a top-level block or it belongs to a sub-block and the hierarchy of this sub-block is preserved.
INFO:Xst:3210 - "C:/Xilinx/14.4/ISE_DS/EDK/hw/XilinxProcessorIPLib/pcores/axi_lite_ipif_v1_01_a/hdl/vhdl/slave_attachment.vhd" line 341: Output port <CS_for_gaps> of the instance <I_DECODER> is unconnected or connected to loadless signal.
    Found 2-bit register for signal <state>.
    Found 2-bit register for signal <s_axi_rresp_i>.
    Found 32-bit register for signal <s_axi_rdata_i>.
    Found 1-bit register for signal <s_axi_rvalid_i>.
    Found 2-bit register for signal <s_axi_bresp_i>.
    Found 1-bit register for signal <s_axi_bvalid_i>.
    Found 4-bit register for signal <INCLUDE_DPHASE_TIMER.dpto_cnt>.
    Found 1-bit register for signal <rst>.
    Found finite state machine <FSM_0> for signal <state>.
    -----------------------------------------------------------------------
    | States             | 4                                              |
    | Transitions        | 10                                             |
    | Inputs             | 6                                              |
    | Outputs            | 4                                              |
    | Clock              | S_AXI_ACLK (rising_edge)                       |
    | Reset              | rst (positive)                                 |
    | Reset type         | synchronous                                    |
    | Reset State        | sm_idle                                        |
    | Power Up State     | sm_idle                                        |
    | Encoding           | auto                                           |
    | Implementation     | LUT                                            |
    -----------------------------------------------------------------------
    Found 4-bit adder for signal <INCLUDE_DPHASE_TIMER.dpto_cnt[3]_GND_12_o_add_31_OUT> created at line 507.
    Summary:
	inferred   1 Adder/Subtractor(s).
	inferred  43 D-type flip-flop(s).
	inferred   2 Multiplexer(s).
	inferred   1 Finite State Machine(s).
Unit <slave_attachment> synthesized.

Synthesizing Unit <address_decoder>.
    Related source file is "C:/Xilinx/14.4/ISE_DS/EDK/hw/XilinxProcessorIPLib/pcores/axi_lite_ipif_v1_01_a/hdl/vhdl/address_decoder.vhd".
        C_BUS_AWIDTH = 9
        C_S_AXI_MIN_SIZE = "00000000000000000000000111111111"
        C_ARD_ADDR_RANGE_ARRAY = ("0000000000000000000000000000000011111111111111111111111111111111","0000000000000000000000000000000000000000000000000000000000000000")
        C_ARD_NUM_CE_ARRAY = (11)
        C_FAMILY = "nofamily"
WARNING:Xst:647 - Input <Address_In_Erly<0:2>> is never used. This port will be preserved and left unconnected if it belongs to a top-level block or it belongs to a sub-block and the hierarchy of this sub-block is preserved.
WARNING:Xst:647 - Input <Bus_RNW> is never used. This port will be preserved and left unconnected if it belongs to a top-level block or it belongs to a sub-block and the hierarchy of this sub-block is preserved.
    Found 1-bit register for signal <Bus_RNW_reg>.
    Found 1-bit register for signal <ce_out_i<0>>.
    Found 1-bit register for signal <ce_out_i<1>>.
    Found 1-bit register for signal <ce_out_i<2>>.
    Found 1-bit register for signal <ce_out_i<3>>.
    Found 1-bit register for signal <ce_out_i<4>>.
    Found 1-bit register for signal <ce_out_i<5>>.
    Found 1-bit register for signal <ce_out_i<6>>.
    Found 1-bit register for signal <ce_out_i<7>>.
    Found 1-bit register for signal <ce_out_i<8>>.
    Found 1-bit register for signal <ce_out_i<9>>.
    Found 1-bit register for signal <ce_out_i<10>>.
    Found 1-bit register for signal <cs_out_i>.
    Summary:
	inferred  13 D-type flip-flop(s).
Unit <address_decoder> synthesized.

Synthesizing Unit <pselect_f_1>.
    Related source file is "C:/Xilinx/14.4/ISE_DS/EDK/hw/XilinxProcessorIPLib/pcores/proc_common_v3_00_a/hdl/vhdl/pselect_f.vhd".
        C_AB = 4
        C_AW = 4
        C_BAR = "0000"
        C_FAMILY = "nofamily"
    Summary:
	inferred   1 Multiplexer(s).
Unit <pselect_f_1> synthesized.

Synthesizing Unit <pselect_f_2>.
    Related source file is "C:/Xilinx/14.4/ISE_DS/EDK/hw/XilinxProcessorIPLib/pcores/proc_common_v3_00_a/hdl/vhdl/pselect_f.vhd".
        C_AB = 4
        C_AW = 4
        C_BAR = "0001"
        C_FAMILY = "nofamily"
    Summary:
	inferred   1 Multiplexer(s).
Unit <pselect_f_2> synthesized.

Synthesizing Unit <pselect_f_3>.
    Related source file is "C:/Xilinx/14.4/ISE_DS/EDK/hw/XilinxProcessorIPLib/pcores/proc_common_v3_00_a/hdl/vhdl/pselect_f.vhd".
        C_AB = 4
        C_AW = 4
        C_BAR = "0010"
        C_FAMILY = "nofamily"
    Summary:
	inferred   1 Multiplexer(s).
Unit <pselect_f_3> synthesized.

Synthesizing Unit <pselect_f_4>.
    Related source file is "C:/Xilinx/14.4/ISE_DS/EDK/hw/XilinxProcessorIPLib/pcores/proc_common_v3_00_a/hdl/vhdl/pselect_f.vhd".
        C_AB = 4
        C_AW = 4
        C_BAR = "0011"
        C_FAMILY = "nofamily"
    Summary:
	inferred   1 Multiplexer(s).
Unit <pselect_f_4> synthesized.

Synthesizing Unit <pselect_f_5>.
    Related source file is "C:/Xilinx/14.4/ISE_DS/EDK/hw/XilinxProcessorIPLib/pcores/proc_common_v3_00_a/hdl/vhdl/pselect_f.vhd".
        C_AB = 4
        C_AW = 4
        C_BAR = "0100"
        C_FAMILY = "nofamily"
    Summary:
	inferred   1 Multiplexer(s).
Unit <pselect_f_5> synthesized.

Synthesizing Unit <pselect_f_6>.
    Related source file is "C:/Xilinx/14.4/ISE_DS/EDK/hw/XilinxProcessorIPLib/pcores/proc_common_v3_00_a/hdl/vhdl/pselect_f.vhd".
        C_AB = 4
        C_AW = 4
        C_BAR = "0101"
        C_FAMILY = "nofamily"
    Summary:
	inferred   1 Multiplexer(s).
Unit <pselect_f_6> synthesized.

Synthesizing Unit <pselect_f_7>.
    Related source file is "C:/Xilinx/14.4/ISE_DS/EDK/hw/XilinxProcessorIPLib/pcores/proc_common_v3_00_a/hdl/vhdl/pselect_f.vhd".
        C_AB = 4
        C_AW = 4
        C_BAR = "0110"
        C_FAMILY = "nofamily"
    Summary:
	inferred   1 Multiplexer(s).
Unit <pselect_f_7> synthesized.

Synthesizing Unit <pselect_f_8>.
    Related source file is "C:/Xilinx/14.4/ISE_DS/EDK/hw/XilinxProcessorIPLib/pcores/proc_common_v3_00_a/hdl/vhdl/pselect_f.vhd".
        C_AB = 4
        C_AW = 4
        C_BAR = "0111"
        C_FAMILY = "nofamily"
    Summary:
	inferred   1 Multiplexer(s).
Unit <pselect_f_8> synthesized.

Synthesizing Unit <pselect_f_9>.
    Related source file is "C:/Xilinx/14.4/ISE_DS/EDK/hw/XilinxProcessorIPLib/pcores/proc_common_v3_00_a/hdl/vhdl/pselect_f.vhd".
        C_AB = 4
        C_AW = 4
        C_BAR = "1000"
        C_FAMILY = "nofamily"
    Summary:
	inferred   1 Multiplexer(s).
Unit <pselect_f_9> synthesized.

Synthesizing Unit <pselect_f_10>.
    Related source file is "C:/Xilinx/14.4/ISE_DS/EDK/hw/XilinxProcessorIPLib/pcores/proc_common_v3_00_a/hdl/vhdl/pselect_f.vhd".
        C_AB = 4
        C_AW = 4
        C_BAR = "1001"
        C_FAMILY = "nofamily"
    Summary:
	inferred   1 Multiplexer(s).
Unit <pselect_f_10> synthesized.

Synthesizing Unit <pselect_f_11>.
    Related source file is "C:/Xilinx/14.4/ISE_DS/EDK/hw/XilinxProcessorIPLib/pcores/proc_common_v3_00_a/hdl/vhdl/pselect_f.vhd".
        C_AB = 4
        C_AW = 4
        C_BAR = "1010"
        C_FAMILY = "nofamily"
    Summary:
	inferred   1 Multiplexer(s).
Unit <pselect_f_11> synthesized.

Synthesizing Unit <user_logic>.
    Related source file is "J:\Documents\Projects\Pipistrello_v2.0\MBduino\mb_system\pcores\spi_v1_00_a\hdl\verilog\user_logic.v".
        C_NUM_REG = 11
        C_SLV_DWIDTH = 32
WARNING:Xst:647 - Input <Bus2IP_Data<31:8>> is never used. This port will be preserved and left unconnected if it belongs to a top-level block or it belongs to a sub-block and the hierarchy of this sub-block is preserved.
WARNING:Xst:647 - Input <Bus2IP_BE<3:1>> is never used. This port will be preserved and left unconnected if it belongs to a top-level block or it belongs to a sub-block and the hierarchy of this sub-block is preserved.
    Found 4-bit register for signal <spi_in_d>.
    Found 1-bit register for signal <spif_read>.
    Found 1-bit register for signal <wcol_read>.
    Found 1-bit register for signal <spif>.
    Found 1-bit register for signal <wcol>.
    Found 1-bit register for signal <txflag>.
    Found 8-bit register for signal <sprx>.
    Found 2-bit register for signal <state>.
    Found 3-bit register for signal <bcnt>.
    Found 8-bit register for signal <treg>.
    Found 1-bit register for signal <wfre>.
    Found 1-bit register for signal <rfwe>.
    Found 1-bit register for signal <sck>.
    Found 4-bit register for signal <port>.
    Found 4-bit register for signal <dir>.
    Found 8-bit register for signal <spcr>.
    Found 1-bit register for signal <spi2x>.
    Found 8-bit register for signal <sptx>.
    Found 10-bit register for signal <clkcnt>.
    Found finite state machine <FSM_1> for signal <state>.
    -----------------------------------------------------------------------
    | States             | 3                                              |
    | Transitions        | 7                                              |
    | Inputs             | 3                                              |
    | Outputs            | 2                                              |
    | Clock              | Bus2IP_Clk (rising_edge)                       |
    | Reset              | spe_Bus2IP_Resetn_OR_73_o (positive)           |
    | Reset type         | synchronous                                    |
    | Reset State        | 00                                             |
    | Encoding           | auto                                           |
    | Implementation     | LUT                                            |
    -----------------------------------------------------------------------
    Found 10-bit subtractor for signal <clkcnt[9]_GND_26_o_sub_6_OUT> created at line 165.
    Found 3-bit subtractor for signal <bcnt[2]_GND_26_o_sub_34_OUT> created at line 276.
    Found 8x10-bit Read Only RAM for signal <espr[2]_GND_26_o_wide_mux_6_OUT>
    Summary:
	inferred   1 RAM(s).
	inferred   2 Adder/Subtractor(s).
	inferred  66 D-type flip-flop(s).
	inferred  45 Multiplexer(s).
	inferred   1 Finite State Machine(s).
Unit <user_logic> synthesized.

=========================================================================
HDL Synthesis Report

Macro Statistics
# RAMs                                                 : 1
 8x10-bit single-port Read Only RAM                    : 1
# Adders/Subtractors                                   : 3
 10-bit subtractor                                     : 1
 3-bit subtractor                                      : 1
 4-bit adder                                           : 1
# Registers                                            : 38
 1-bit register                                        : 25
 10-bit register                                       : 1
 2-bit register                                        : 2
 3-bit register                                        : 1
 32-bit register                                       : 1
 4-bit register                                        : 4
 8-bit register                                        : 4
# Multiplexers                                         : 58
 1-bit 2-to-1 multiplexer                              : 44
 10-bit 2-to-1 multiplexer                             : 1
 3-bit 2-to-1 multiplexer                              : 1
 32-bit 2-to-1 multiplexer                             : 2
 4-bit 2-to-1 multiplexer                              : 8
 8-bit 2-to-1 multiplexer                              : 2
# FSMs                                                 : 2

=========================================================================

=========================================================================
*                       Advanced HDL Synthesis                          *
=========================================================================

INFO:Xst:2261 - The FF/Latch <sptx_1> in Unit <USER_LOGIC_I> is equivalent to the following 6 FFs/Latches, which will be removed : <sptx_2> <sptx_3> <sptx_4> <sptx_5> <sptx_6> <sptx_7> 
WARNING:Xst:1710 - FF/Latch <sptx_1> (without init value) has a constant value of 0 in block <USER_LOGIC_I>. This FF/Latch will be trimmed during the optimization process.
WARNING:Xst:1293 - FF/Latch <s_axi_bresp_i_0> has a constant value of 0 in block <I_SLAVE_ATTACHMENT>. This FF/Latch will be trimmed during the optimization process.
WARNING:Xst:1293 - FF/Latch <s_axi_bresp_i_1> has a constant value of 0 in block <I_SLAVE_ATTACHMENT>. This FF/Latch will be trimmed during the optimization process.
WARNING:Xst:1293 - FF/Latch <s_axi_rresp_i_0> has a constant value of 0 in block <I_SLAVE_ATTACHMENT>. This FF/Latch will be trimmed during the optimization process.
WARNING:Xst:1293 - FF/Latch <s_axi_rresp_i_1> has a constant value of 0 in block <I_SLAVE_ATTACHMENT>. This FF/Latch will be trimmed during the optimization process.
WARNING:Xst:2404 -  FFs/Latches <sptx<7:1>> (without init value) have a constant value of 0 in block <user_logic>.

Synthesizing (advanced) Unit <slave_attachment>.
The following registers are absorbed into counter <INCLUDE_DPHASE_TIMER.dpto_cnt>: 1 register on signal <INCLUDE_DPHASE_TIMER.dpto_cnt>.
Unit <slave_attachment> synthesized (advanced).

Synthesizing (advanced) Unit <user_logic>.
The following registers are absorbed into counter <clkcnt>: 1 register on signal <clkcnt>.
The following registers are absorbed into counter <bcnt>: 1 register on signal <bcnt>.
INFO:Xst:3218 - HDL ADVISOR - The RAM <Mram_espr[2]_GND_26_o_wide_mux_6_OUT> will be implemented on LUTs either because you have described an asynchronous read or because of currently unsupported block RAM features. If you have described an asynchronous read, making it synchronous would allow you to take advantage of available block RAM resources, for optimized device usage and improved timings. Please refer to your documentation for coding guidelines.
    -----------------------------------------------------------------------
    | ram_type           | Distributed                         |          |
    -----------------------------------------------------------------------
    | Port A                                                              |
    |     aspect ratio   | 8-word x 10-bit                     |          |
    |     weA            | connected to signal <GND>           | high     |
    |     addrA          | connected to signal <(spi2x,spcr<1:0>)> |          |
    |     diA            | connected to signal <GND>           |          |
    |     doA            | connected to internal node          |          |
    -----------------------------------------------------------------------
Unit <user_logic> synthesized (advanced).

=========================================================================
Advanced HDL Synthesis Report

Macro Statistics
# RAMs                                                 : 1
 8x10-bit single-port distributed Read Only RAM        : 1
# Counters                                             : 3
 10-bit down counter                                   : 1
 3-bit down counter                                    : 1
 4-bit up counter                                      : 1
# Registers                                            : 98
 Flip-Flops                                            : 98
# Multiplexers                                         : 45
 1-bit 2-to-1 multiplexer                              : 33
 32-bit 2-to-1 multiplexer                             : 2
 4-bit 2-to-1 multiplexer                              : 8
 8-bit 2-to-1 multiplexer                              : 2
# FSMs                                                 : 2

=========================================================================

=========================================================================
*                         Low Level Synthesis                           *
=========================================================================
WARNING:Xst:1293 - FF/Latch <s_axi_rresp_i_0> has a constant value of 0 in block <slave_attachment>. This FF/Latch will be trimmed during the optimization process.
WARNING:Xst:1896 - Due to other FF/Latch trimming, FF/Latch <s_axi_bresp_i_0> has a constant value of 0 in block <slave_attachment>. This FF/Latch will be trimmed during the optimization process.
Analyzing FSM <MFsm> for best encoding.
Optimizing FSM <USER_LOGIC_I/FSM_1> on signal <state[1:2]> with user encoding.
-------------------
 State | Encoding
-------------------
 00    | 00
 01    | 01
 11    | 11
-------------------
Analyzing FSM <MFsm> for best encoding.
Optimizing FSM <AXI_LITE_IPIF_I/I_SLAVE_ATTACHMENT/FSM_0> on signal <state[1:2]> with user encoding.
----------------------
 State    | Encoding
----------------------
 sm_idle  | 00
 sm_read  | 01
 sm_write | 10
 sm_resp  | 11
----------------------

Optimizing unit <spi> ...

Optimizing unit <user_logic> ...

Optimizing unit <slave_attachment> ...

Optimizing unit <address_decoder> ...
WARNING:Xst:1293 - FF/Latch <AXI_LITE_IPIF_I/I_SLAVE_ATTACHMENT/s_axi_rdata_i_8> has a constant value of 0 in block <spi>. This FF/Latch will be trimmed during the optimization process.
WARNING:Xst:1896 - Due to other FF/Latch trimming, FF/Latch <AXI_LITE_IPIF_I/I_SLAVE_ATTACHMENT/s_axi_rdata_i_9> has a constant value of 0 in block <spi>. This FF/Latch will be trimmed during the optimization process.
WARNING:Xst:1896 - Due to other FF/Latch trimming, FF/Latch <AXI_LITE_IPIF_I/I_SLAVE_ATTACHMENT/s_axi_rdata_i_10> has a constant value of 0 in block <spi>. This FF/Latch will be trimmed during the optimization process.
WARNING:Xst:1896 - Due to other FF/Latch trimming, FF/Latch <AXI_LITE_IPIF_I/I_SLAVE_ATTACHMENT/s_axi_rdata_i_11> has a constant value of 0 in block <spi>. This FF/Latch will be trimmed during the optimization process.
WARNING:Xst:1896 - Due to other FF/Latch trimming, FF/Latch <AXI_LITE_IPIF_I/I_SLAVE_ATTACHMENT/s_axi_rdata_i_12> has a constant value of 0 in block <spi>. This FF/Latch will be trimmed during the optimization process.
WARNING:Xst:1896 - Due to other FF/Latch trimming, FF/Latch <AXI_LITE_IPIF_I/I_SLAVE_ATTACHMENT/s_axi_rdata_i_13> has a constant value of 0 in block <spi>. This FF/Latch will be trimmed during the optimization process.
WARNING:Xst:1896 - Due to other FF/Latch trimming, FF/Latch <AXI_LITE_IPIF_I/I_SLAVE_ATTACHMENT/s_axi_rdata_i_14> has a constant value of 0 in block <spi>. This FF/Latch will be trimmed during the optimization process.
WARNING:Xst:1896 - Due to other FF/Latch trimming, FF/Latch <AXI_LITE_IPIF_I/I_SLAVE_ATTACHMENT/s_axi_rdata_i_15> has a constant value of 0 in block <spi>. This FF/Latch will be trimmed during the optimization process.
WARNING:Xst:1896 - Due to other FF/Latch trimming, FF/Latch <AXI_LITE_IPIF_I/I_SLAVE_ATTACHMENT/s_axi_rdata_i_16> has a constant value of 0 in block <spi>. This FF/Latch will be trimmed during the optimization process.
WARNING:Xst:1896 - Due to other FF/Latch trimming, FF/Latch <AXI_LITE_IPIF_I/I_SLAVE_ATTACHMENT/s_axi_rdata_i_17> has a constant value of 0 in block <spi>. This FF/Latch will be trimmed during the optimization process.
WARNING:Xst:1896 - Due to other FF/Latch trimming, FF/Latch <AXI_LITE_IPIF_I/I_SLAVE_ATTACHMENT/s_axi_rdata_i_18> has a constant value of 0 in block <spi>. This FF/Latch will be trimmed during the optimization process.
WARNING:Xst:1896 - Due to other FF/Latch trimming, FF/Latch <AXI_LITE_IPIF_I/I_SLAVE_ATTACHMENT/s_axi_rdata_i_19> has a constant value of 0 in block <spi>. This FF/Latch will be trimmed during the optimization process.
WARNING:Xst:1896 - Due to other FF/Latch trimming, FF/Latch <AXI_LITE_IPIF_I/I_SLAVE_ATTACHMENT/s_axi_rdata_i_20> has a constant value of 0 in block <spi>. This FF/Latch will be trimmed during the optimization process.
WARNING:Xst:1896 - Due to other FF/Latch trimming, FF/Latch <AXI_LITE_IPIF_I/I_SLAVE_ATTACHMENT/s_axi_rdata_i_21> has a constant value of 0 in block <spi>. This FF/Latch will be trimmed during the optimization process.
WARNING:Xst:1896 - Due to other FF/Latch trimming, FF/Latch <AXI_LITE_IPIF_I/I_SLAVE_ATTACHMENT/s_axi_rdata_i_22> has a constant value of 0 in block <spi>. This FF/Latch will be trimmed during the optimization process.
WARNING:Xst:1896 - Due to other FF/Latch trimming, FF/Latch <AXI_LITE_IPIF_I/I_SLAVE_ATTACHMENT/s_axi_rdata_i_23> has a constant value of 0 in block <spi>. This FF/Latch will be trimmed during the optimization process.
WARNING:Xst:1896 - Due to other FF/Latch trimming, FF/Latch <AXI_LITE_IPIF_I/I_SLAVE_ATTACHMENT/s_axi_rdata_i_24> has a constant value of 0 in block <spi>. This FF/Latch will be trimmed during the optimization process.
WARNING:Xst:1896 - Due to other FF/Latch trimming, FF/Latch <AXI_LITE_IPIF_I/I_SLAVE_ATTACHMENT/s_axi_rdata_i_25> has a constant value of 0 in block <spi>. This FF/Latch will be trimmed during the optimization process.
WARNING:Xst:1896 - Due to other FF/Latch trimming, FF/Latch <AXI_LITE_IPIF_I/I_SLAVE_ATTACHMENT/s_axi_rdata_i_26> has a constant value of 0 in block <spi>. This FF/Latch will be trimmed during the optimization process.
WARNING:Xst:1896 - Due to other FF/Latch trimming, FF/Latch <AXI_LITE_IPIF_I/I_SLAVE_ATTACHMENT/s_axi_rdata_i_27> has a constant value of 0 in block <spi>. This FF/Latch will be trimmed during the optimization process.
WARNING:Xst:1896 - Due to other FF/Latch trimming, FF/Latch <AXI_LITE_IPIF_I/I_SLAVE_ATTACHMENT/s_axi_rdata_i_28> has a constant value of 0 in block <spi>. This FF/Latch will be trimmed during the optimization process.
WARNING:Xst:1896 - Due to other FF/Latch trimming, FF/Latch <AXI_LITE_IPIF_I/I_SLAVE_ATTACHMENT/s_axi_rdata_i_29> has a constant value of 0 in block <spi>. This FF/Latch will be trimmed during the optimization process.
WARNING:Xst:1896 - Due to other FF/Latch trimming, FF/Latch <AXI_LITE_IPIF_I/I_SLAVE_ATTACHMENT/s_axi_rdata_i_30> has a constant value of 0 in block <spi>. This FF/Latch will be trimmed during the optimization process.
WARNING:Xst:1896 - Due to other FF/Latch trimming, FF/Latch <AXI_LITE_IPIF_I/I_SLAVE_ATTACHMENT/s_axi_rdata_i_31> has a constant value of 0 in block <spi>. This FF/Latch will be trimmed during the optimization process.
WARNING:Xst:1896 - Due to other FF/Latch trimming, FF/Latch <AXI_LITE_IPIF_I/I_SLAVE_ATTACHMENT/s_axi_rresp_i_1> has a constant value of 0 in block <spi>. This FF/Latch will be trimmed during the optimization process.
WARNING:Xst:1896 - Due to other FF/Latch trimming, FF/Latch <AXI_LITE_IPIF_I/I_SLAVE_ATTACHMENT/s_axi_bresp_i_1> has a constant value of 0 in block <spi>. This FF/Latch will be trimmed during the optimization process.
WARNING:Xst:2677 - Node <AXI_LITE_IPIF_I/I_SLAVE_ATTACHMENT/I_DECODER/cs_out_i_0> of sequential type is unconnected in block <spi>.

Mapping all equations...
Building and optimizing final netlist ...
Found area constraint ratio of 100 (+ 5) on block spi, actual ratio is 0.
FlipFlop AXI_LITE_IPIF_I/I_SLAVE_ATTACHMENT/I_DECODER/Bus_RNW_reg has been replicated 3 time(s)
INFO:Xst:1843 - HDL ADVISOR - FlipFlop AXI_LITE_IPIF_I/I_SLAVE_ATTACHMENT/I_DECODER/Bus_RNW_reg connected to a primary input has been replicated

Final Macro Processing ...

=========================================================================
Final Register Report

Macro Statistics
# Registers                                            : 93
 Flip-Flops                                            : 93

=========================================================================

=========================================================================
*                           Partition Report                            *
=========================================================================

Partition Implementation Status
-------------------------------

  No Partitions were found in this design.

-------------------------------

=========================================================================
*                            Design Summary                             *
=========================================================================

Top Level Output File Name         : spi.ngc

Primitive and Black Box Usage:
------------------------------
# BELS                             : 230
#      GND                         : 1
#      INV                         : 12
#      LUT1                        : 1
#      LUT2                        : 29
#      LUT3                        : 16
#      LUT4                        : 40
#      LUT5                        : 50
#      LUT6                        : 52
#      MUXCY                       : 9
#      MUXF7                       : 9
#      VCC                         : 1
#      XORCY                       : 10
# FlipFlops/Latches                : 93
#      FD                          : 27
#      FDE                         : 4
#      FDR                         : 22
#      FDRE                        : 40
# Clock Buffers                    : 1
#      BUFGP                       : 1
# IO Buffers                       : 77
#      IBUF                        : 26
#      OBUF                        : 51

Device utilization summary:
---------------------------

Selected Device : 6slx45csg324-3 


Slice Logic Utilization: 
 Number of Slice Registers:              93  out of  54576     0%  
 Number of Slice LUTs:                  200  out of  27288     0%  
    Number used as Logic:               200  out of  27288     0%  

Slice Logic Distribution: 
 Number of LUT Flip Flop pairs used:    222
   Number with an unused Flip Flop:     129  out of    222    58%  
   Number with an unused LUT:            22  out of    222     9%  
   Number of fully used LUT-FF pairs:    71  out of    222    31%  
   Number of unique control sets:        16

IO Utilization: 
 Number of IOs:                         162
 Number of bonded IOBs:                  78  out of    218    35%  

Specific Feature Utilization:
 Number of BUFG/BUFGCTRLs:                1  out of     16     6%  

---------------------------
Partition Resource Summary:
---------------------------

  No Partitions were found in this design.

---------------------------


=========================================================================
Timing Report

NOTE: THESE TIMING NUMBERS ARE ONLY A SYNTHESIS ESTIMATE.
      FOR ACCURATE TIMING INFORMATION PLEASE REFER TO THE TRACE REPORT
      GENERATED AFTER PLACE-and-ROUTE.

Clock Information:
------------------
-----------------------------------+------------------------+-------+
Clock Signal                       | Clock buffer(FF name)  | Load  |
-----------------------------------+------------------------+-------+
S_AXI_ACLK                         | BUFGP                  | 93    |
-----------------------------------+------------------------+-------+

Asynchronous Control Signals Information:
----------------------------------------
No asynchronous control signals found in this design

Timing Summary:
---------------
Speed Grade: -3

   Minimum period: 5.542ns (Maximum Frequency: 180.444MHz)
   Minimum input arrival time before clock: 5.155ns
   Maximum output required time after clock: 6.559ns
   Maximum combinational path delay: No path found

Timing Details:
---------------
All values displayed in nanoseconds (ns)

=========================================================================
Timing constraint: Default period analysis for Clock 'S_AXI_ACLK'
  Clock period: 5.542ns (frequency: 180.444MHz)
  Total number of paths / destination ports: 3302 / 161
-------------------------------------------------------------------------
Delay:               5.542ns (Levels of Logic = 5)
  Source:            AXI_LITE_IPIF_I/I_SLAVE_ATTACHMENT/I_DECODER/ce_out_i_2 (FF)
  Destination:       USER_LOGIC_I/port_3 (FF)
  Source Clock:      S_AXI_ACLK rising
  Destination Clock: S_AXI_ACLK rising

  Data Path: AXI_LITE_IPIF_I/I_SLAVE_ATTACHMENT/I_DECODER/ce_out_i_2 to USER_LOGIC_I/port_3
                                Gate     Net
    Cell:in->out      fanout   Delay   Delay  Logical Name (Net Name)
    ----------------------------------------  ------------
     FD:C->Q              11   0.447   1.130  AXI_LITE_IPIF_I/I_SLAVE_ATTACHMENT/I_DECODER/ce_out_i_2 (AXI_LITE_IPIF_I/I_SLAVE_ATTACHMENT/I_DECODER/ce_out_i_2)
     LUT5:I1->O           10   0.203   0.857  USER_LOGIC_I/slv_reg_write_sel[10]_GND_26_o_equal_113_o<10>21 (USER_LOGIC_I/slv_reg_write_sel[10]_GND_26_o_equal_113_o<10>2)
     LUT6:I5->O            2   0.205   0.721  USER_LOGIC_I/slv_reg_write_sel[10]_GND_26_o_equal_108_o<10>21 (USER_LOGIC_I/slv_reg_write_sel[10]_GND_26_o_equal_108_o<10>2)
     LUT6:I4->O            1   0.203   0.580  USER_LOGIC_I/slv_reg_write_sel[10]_port[3]_select_114_OUT<0>413 (USER_LOGIC_I/slv_reg_write_sel[10]_port[3]_select_114_OUT<0>413)
     LUT6:I5->O            4   0.205   0.684  USER_LOGIC_I/slv_reg_write_sel[10]_port[3]_select_114_OUT<0>414 (USER_LOGIC_I/slv_reg_write_sel[10]_port[3]_select_114_OUT<0>41)
     LUT5:I4->O            1   0.205   0.000  USER_LOGIC_I/slv_reg_write_sel[10]_port[3]_select_114_OUT<3>2 (USER_LOGIC_I/slv_reg_write_sel[10]_port[3]_select_114_OUT<3>)
     FDR:D                     0.102          USER_LOGIC_I/port_3
    ----------------------------------------
    Total                      5.542ns (1.570ns logic, 3.972ns route)
                                       (28.3% logic, 71.7% route)

=========================================================================
Timing constraint: Default OFFSET IN BEFORE for Clock 'S_AXI_ACLK'
  Total number of paths / destination ports: 305 / 93
-------------------------------------------------------------------------
Offset:              5.155ns (Levels of Logic = 4)
  Source:            S_AXI_ARVALID (PAD)
  Destination:       AXI_LITE_IPIF_I/I_SLAVE_ATTACHMENT/I_DECODER/ce_out_i_8 (FF)
  Destination Clock: S_AXI_ACLK rising

  Data Path: S_AXI_ARVALID to AXI_LITE_IPIF_I/I_SLAVE_ATTACHMENT/I_DECODER/ce_out_i_8
                                Gate     Net
    Cell:in->out      fanout   Delay   Delay  Logical Name (Net Name)
    ----------------------------------------  ------------
     IBUF:I->O            11   1.222   1.227  S_AXI_ARVALID_IBUF (S_AXI_ARVALID_IBUF)
     LUT5:I0->O           26   0.203   1.311  AXI_LITE_IPIF_I/I_SLAVE_ATTACHMENT/Mmux_start11 (AXI_LITE_IPIF_I/I_SLAVE_ATTACHMENT/start)
     LUT5:I3->O            1   0.203   0.684  AXI_LITE_IPIF_I/I_SLAVE_ATTACHMENT/I_DECODER/MEM_DECODE_GEN[0].PER_CE_GEN[8].MULTIPLE_CES_THIS_CS_GEN.CE_I/Mmux_CS11 (AXI_LITE_IPIF_I/I_SLAVE_ATTACHMENT/I_DECODER/ce_expnd_i<8>)
     LUT4:I2->O            1   0.203   0.000  AXI_LITE_IPIF_I/I_SLAVE_ATTACHMENT/I_DECODER/ce_out_i_8_rstpot (AXI_LITE_IPIF_I/I_SLAVE_ATTACHMENT/I_DECODER/ce_out_i_8_rstpot)
     FD:D                      0.102          AXI_LITE_IPIF_I/I_SLAVE_ATTACHMENT/I_DECODER/ce_out_i_8
    ----------------------------------------
    Total                      5.155ns (1.933ns logic, 3.222ns route)
                                       (37.5% logic, 62.5% route)

=========================================================================
Timing constraint: Default OFFSET OUT AFTER for Clock 'S_AXI_ACLK'
  Total number of paths / destination ports: 86 / 23
-------------------------------------------------------------------------
Offset:              6.559ns (Levels of Logic = 4)
  Source:            AXI_LITE_IPIF_I/I_SLAVE_ATTACHMENT/I_DECODER/ce_out_i_9 (FF)
  Destination:       S_AXI_WREADY (PAD)
  Source Clock:      S_AXI_ACLK rising

  Data Path: AXI_LITE_IPIF_I/I_SLAVE_ATTACHMENT/I_DECODER/ce_out_i_9 to S_AXI_WREADY
                                Gate     Net
    Cell:in->out      fanout   Delay   Delay  Logical Name (Net Name)
    ----------------------------------------  ------------
     FD:C->Q              21   0.447   1.361  AXI_LITE_IPIF_I/I_SLAVE_ATTACHMENT/I_DECODER/ce_out_i_9 (AXI_LITE_IPIF_I/I_SLAVE_ATTACHMENT/I_DECODER/ce_out_i_9)
     LUT6:I2->O            1   0.203   0.000  USER_LOGIC_I/slv_write_ack<0>_SW0_F (N69)
     MUXF7:I0->O           2   0.131   0.961  USER_LOGIC_I/slv_write_ack<0>_SW0 (N16)
     LUT6:I1->O            4   0.203   0.683  AXI_LITE_IPIF_I/I_SLAVE_ATTACHMENT/wr_done1 (S_AXI_AWREADY_OBUF)
     OBUF:I->O                 2.571          S_AXI_WREADY_OBUF (S_AXI_WREADY)
    ----------------------------------------
    Total                      6.559ns (3.555ns logic, 3.004ns route)
                                       (54.2% logic, 45.8% route)

=========================================================================

Cross Clock Domains Report:
--------------------------

Clock to Setup on destination clock S_AXI_ACLK
---------------+---------+---------+---------+---------+
               | Src:Rise| Src:Fall| Src:Rise| Src:Fall|
Source Clock   |Dest:Rise|Dest:Rise|Dest:Fall|Dest:Fall|
---------------+---------+---------+---------+---------+
S_AXI_ACLK     |    5.542|         |         |         |
---------------+---------+---------+---------+---------+

=========================================================================


Total REAL time to Xst completion: 6.00 secs
Total CPU time to Xst completion: 6.32 secs
 
--> 

Total memory usage is 268488 kilobytes

Number of errors   :    0 (   0 filtered)
Number of warnings :   47 (   0 filtered)
Number of infos    :    7 (   0 filtered)

