WARNING:EDK:878 - Could not find IP doc
   http://www.xilinx.com/cgi-bin/docs/ipdoc?c=proc_sys_reset;v=v3_00_a;d=proc_sy
   s_reset.pdf
WARNING:EDK:878 - Could not find IP doc
   http://www.xilinx.com/cgi-bin/docs/ipdoc?c=axi_intc;v=v1_04_a;d=ds747_axi_int
   c.pdf
WARNING:EDK:878 - Could not find IP doc
   http://www.xilinx.com/cgi-bin/docs/ipdoc?c=lmb_v10;v=v2_00_b;d=pg087-lmb-v10.
   pdf
WARNING:EDK:878 - Could not find IP doc
   http://www.xilinx.com/cgi-bin/docs/ipdoc?c=lmb_bram_if_cntlr;v=v3_10_c;d=pg06
   1-lmb-bram-if-cntlr.pdf
WARNING:EDK:878 - Could not find IP doc
   http://www.xilinx.com/cgi-bin/docs/ipdoc?c=lmb_v10;v=v2_00_b;d=pg087-lmb-v10.
   pdf
WARNING:EDK:878 - Could not find IP doc
   http://www.xilinx.com/cgi-bin/docs/ipdoc?c=lmb_bram_if_cntlr;v=v3_10_c;d=pg06
   1-lmb-bram-if-cntlr.pdf
WARNING:EDK:878 - Could not find IP doc
   http://www.xilinx.com/cgi-bin/docs/ipdoc?c=bram_block;v=v1_00_a;d=bram_block.
   pdf
WARNING:EDK:878 - Could not find IP doc
   http://www.xilinx.com/cgi-bin/docs/ipdoc?c=mdm;v=v2_10_a;d=pg062-mdm.pdf
WARNING:EDK:878 - Could not find IP doc
   http://www.xilinx.com/cgi-bin/docs/ipdoc?c=clock_generator;v=v4_03_a;d=clock_
   generator.pdf
WARNING:EDK:878 - Could not find IP doc
   http://www.xilinx.com/cgi-bin/docs/ipdoc?c=axi_interconnect;v=v1_06_a;d=ds768
   _axi_interconnect.pdf
WARNING:EDK:878 - Could not find IP doc
   http://www.xilinx.com/cgi-bin/docs/ipdoc?c=axi_interconnect;v=v1_06_a;d=ds768
   _axi_interconnect.pdf
WARNING:EDK:878 - Could not find IP doc
   http://www.xilinx.com/cgi-bin/docs/ipdoc?c=axi_spi;v=v1_02_a;d=axi_spi_ds742.
   pdf
WARNING:EDK:878 - Could not find IP doc
   http://www.xilinx.com/cgi-bin/docs/ipdoc?c=axi_s6_ddrx;v=v1_06_a;d=ug416_axi_
   s6_ddrx.pdf
Generated Block Diagram.
Rasterizing proc_sys_reset_0.jpg.....
Rasterizing microblaze_0_intc.jpg.....
Rasterizing microblaze_0_ilmb.jpg.....
Rasterizing microblaze_0_i_bram_ctrl.jpg.....
Rasterizing microblaze_0_dlmb.jpg.....
Rasterizing microblaze_0_d_bram_ctrl.jpg.....
Rasterizing microblaze_0_bram_block.jpg.....
Rasterizing microblaze_0.jpg.....
Rasterizing debug_module.jpg.....
Rasterizing clock_generator_0.jpg.....
Rasterizing axi4lite_0.jpg.....
Rasterizing axi4_0.jpg.....
Rasterizing SPI_FLASH.jpg.....
Rasterizing MCB3_LPDDR.jpg.....
Rasterizing wing_0.jpg.....
Rasterizing timebase_0.jpg.....
Rasterizing uart_0.jpg.....
Rasterizing spi_0.jpg.....
Rasterizing axi_tft_0.jpg.....
Rasterizing dvi_out_native_0.jpg.....
Rasterizing pll_module_0.jpg.....
Rasterizing sound_0.jpg.....
Rasterizing ps2_0.jpg.....
Rasterizing ps2_1.jpg.....
Rasterizing mb_system_blkd.jpg.....
Report generated.
Report generation completed.
