Release 14.4 Map P.49d (nt64)
Xilinx Mapping Report File for Design 'timebase'

Design Information
------------------
Command Line   : map -intstyle ise -p xc6slx45-csg324-3 -w -logic_opt off -ol
high -t 1 -xt 0 -register_duplication off -r 4 -global_opt off -mt off -ir off
-pr off -lc off -power off -o timebase_map.ncd timebase.ngd timebase.pcf 
Target Device  : xc6slx45
Target Package : csg324
Target Speed   : -3
Mapper Version : spartan6 -- $Revision: 1.55 $
Mapped Date    : Sun Mar 03 20:21:52 2013

Design Summary
--------------
Number of errors:      0
Number of warnings:    0
Slice Logic Utilization:
  Number of Slice Registers:                   169 out of  54,576    1%
    Number used as Flip Flops:                 169
    Number used as Latches:                      0
    Number used as Latch-thrus:                  0
    Number used as AND/OR logics:                0
  Number of Slice LUTs:                        242 out of  27,288    1%
    Number used as logic:                      240 out of  27,288    1%
      Number using O6 output only:             165
      Number using O5 output only:              63
      Number using O5 and O6:                   12
      Number used as ROM:                        0
    Number used as Memory:                       0 out of   6,408    0%
    Number used exclusively as route-thrus:      2
      Number with same-slice register load:      0
      Number with same-slice carry load:         2
      Number with other load:                    0

Slice Logic Distribution:
  Number of occupied Slices:                    68 out of   6,822    1%
  Number of MUXCYs used:                        84 out of  13,644    1%
  Number of LUT Flip Flop pairs used:          243
    Number with an unused Flip Flop:            75 out of     243   30%
    Number with an unused LUT:                   1 out of     243    1%
    Number of fully used LUT-FF pairs:         167 out of     243   68%
    Number of unique control sets:               9
    Number of slice register sites lost
      to control set restrictions:              23 out of  54,576    1%

  A LUT Flip Flop pair for this architecture represents one LUT paired with
  one Flip Flop within a slice.  A control set is a unique combination of
  clock, reset, set, and enable signals for a registered element.
  The Slice Logic Distribution report is not meaningful if the design is
  over-mapped for a non-slice resource or if Placement fails.

IO Utilization:
  Number of bonded IOBs:                        84 out of     218   38%

Specific Feature Utilization:
  Number of RAMB16BWERs:                         0 out of     116    0%
  Number of RAMB8BWERs:                          0 out of     232    0%
  Number of BUFIO2/BUFIO2_2CLKs:                 0 out of      32    0%
  Number of BUFIO2FB/BUFIO2FB_2CLKs:             0 out of      32    0%
  Number of BUFG/BUFGMUXs:                       1 out of      16    6%
    Number used as BUFGs:                        1
    Number used as BUFGMUX:                      0
  Number of DCM/DCM_CLKGENs:                     0 out of       8    0%
  Number of ILOGIC2/ISERDES2s:                   0 out of     376    0%
  Number of IODELAY2/IODRP2/IODRP2_MCBs:         0 out of     376    0%
  Number of OLOGIC2/OSERDES2s:                   0 out of     376    0%
  Number of BSCANs:                              0 out of       4    0%
  Number of BUFHs:                               0 out of     256    0%
  Number of BUFPLLs:                             0 out of       8    0%
  Number of BUFPLL_MCBs:                         0 out of       4    0%
  Number of DSP48A1s:                            0 out of      58    0%
  Number of ICAPs:                               0 out of       1    0%
  Number of MCBs:                                0 out of       2    0%
  Number of PCILOGICSEs:                         0 out of       2    0%
  Number of PLL_ADVs:                            0 out of       4    0%
  Number of PMVs:                                0 out of       1    0%
  Number of STARTUPs:                            0 out of       1    0%
  Number of SUSPEND_SYNCs:                       0 out of       1    0%

Average Fanout of Non-Clock Nets:                4.07

Peak Memory Usage:  427 MB
Total REAL time to MAP completion:  17 secs 
Total CPU time to MAP completion:   16 secs 

Table of Contents
-----------------
Section 1 - Errors
Section 2 - Warnings
Section 3 - Informational
Section 4 - Removed Logic Summary
Section 5 - Removed Logic
Section 6 - IOB Properties
Section 7 - RPMs
Section 8 - Guide Report
Section 9 - Area Group and Partition Summary
Section 10 - Timing Report
Section 11 - Configuration String Information
Section 12 - Control Set Information
Section 13 - Utilization by Hierarchy

Section 1 - Errors
------------------

Section 2 - Warnings
--------------------

Section 3 - Informational
-------------------------
INFO:LIT:243 - Logical network S_AXI_AWADDR<31> has no load.
INFO:LIT:395 - The above info message is repeated 63 more times for the
   following (max. 5 shown):
   S_AXI_AWADDR<30>,
   S_AXI_AWADDR<29>,
   S_AXI_AWADDR<28>,
   S_AXI_AWADDR<27>,
   S_AXI_AWADDR<26>
   To see the details of these info messages, please use the -detail switch.
INFO:MapLib:562 - No environment variables are currently set.
INFO:LIT:244 - All of the single ended outputs in this design are using slew
   rate limited output drivers. The delay on speed critical single ended outputs
   can be dramatically reduced by designating them as fast outputs.
INFO:Pack:1716 - Initializing temperature to 85.000 Celsius. (default - Range:
   0.000 to 85.000 Celsius)
INFO:Pack:1720 - Initializing voltage to 1.140 Volts. (default - Range: 1.140 to
   1.260 Volts)
INFO:Map:215 - The Interim Design Summary has been generated in the MAP Report
   (.mrp).
INFO:Pack:1650 - Map created a placed design.

Section 4 - Removed Logic Summary
---------------------------------
   2 block(s) optimized away

Section 5 - Removed Logic
-------------------------

Optimized Block(s):
TYPE 		BLOCK
GND 		XST_GND
VCC 		XST_VCC

To enable printing of redundant blocks removed and signals merged, set the
detailed map report option and rerun map.

Section 6 - IOB Properties
--------------------------

+---------------------------------------------------------------------------------------------------------------------------------------------------------+
| IOB Name                           | Type             | Direction | IO Standard          | Diff  | Drive    | Slew | Reg (s)      | Resistor | IOB      |
|                                    |                  |           |                      | Term  | Strength | Rate |              |          | Delay    |
+---------------------------------------------------------------------------------------------------------------------------------------------------------+
| S_AXI_ACLK                         | IOB              | INPUT     | LVCMOS25             |       |          |      |              |          |          |
| S_AXI_ARADDR<2>                    | IOB              | INPUT     | LVCMOS25             |       |          |      |              |          |          |
| S_AXI_ARADDR<3>                    | IOB              | INPUT     | LVCMOS25             |       |          |      |              |          |          |
| S_AXI_ARESETN                      | IOB              | INPUT     | LVCMOS25             |       |          |      |              |          |          |
| S_AXI_ARREADY                      | IOB              | OUTPUT    | LVCMOS25             |       | 12       | SLOW |              |          |          |
| S_AXI_ARVALID                      | IOB              | INPUT     | LVCMOS25             |       |          |      |              |          |          |
| S_AXI_AWADDR<2>                    | IOB              | INPUT     | LVCMOS25             |       |          |      |              |          |          |
| S_AXI_AWADDR<3>                    | IOB              | INPUT     | LVCMOS25             |       |          |      |              |          |          |
| S_AXI_AWREADY                      | IOB              | OUTPUT    | LVCMOS25             |       | 12       | SLOW |              |          |          |
| S_AXI_AWVALID                      | IOB              | INPUT     | LVCMOS25             |       |          |      |              |          |          |
| S_AXI_BREADY                       | IOB              | INPUT     | LVCMOS25             |       |          |      |              |          |          |
| S_AXI_BRESP<0>                     | IOB              | OUTPUT    | LVCMOS25             |       | 12       | SLOW |              |          |          |
| S_AXI_BRESP<1>                     | IOB              | OUTPUT    | LVCMOS25             |       | 12       | SLOW |              |          |          |
| S_AXI_BVALID                       | IOB              | OUTPUT    | LVCMOS25             |       | 12       | SLOW |              |          |          |
| S_AXI_RDATA<0>                     | IOB              | OUTPUT    | LVCMOS25             |       | 12       | SLOW |              |          |          |
| S_AXI_RDATA<1>                     | IOB              | OUTPUT    | LVCMOS25             |       | 12       | SLOW |              |          |          |
| S_AXI_RDATA<2>                     | IOB              | OUTPUT    | LVCMOS25             |       | 12       | SLOW |              |          |          |
| S_AXI_RDATA<3>                     | IOB              | OUTPUT    | LVCMOS25             |       | 12       | SLOW |              |          |          |
| S_AXI_RDATA<4>                     | IOB              | OUTPUT    | LVCMOS25             |       | 12       | SLOW |              |          |          |
| S_AXI_RDATA<5>                     | IOB              | OUTPUT    | LVCMOS25             |       | 12       | SLOW |              |          |          |
| S_AXI_RDATA<6>                     | IOB              | OUTPUT    | LVCMOS25             |       | 12       | SLOW |              |          |          |
| S_AXI_RDATA<7>                     | IOB              | OUTPUT    | LVCMOS25             |       | 12       | SLOW |              |          |          |
| S_AXI_RDATA<8>                     | IOB              | OUTPUT    | LVCMOS25             |       | 12       | SLOW |              |          |          |
| S_AXI_RDATA<9>                     | IOB              | OUTPUT    | LVCMOS25             |       | 12       | SLOW |              |          |          |
| S_AXI_RDATA<10>                    | IOB              | OUTPUT    | LVCMOS25             |       | 12       | SLOW |              |          |          |
| S_AXI_RDATA<11>                    | IOB              | OUTPUT    | LVCMOS25             |       | 12       | SLOW |              |          |          |
| S_AXI_RDATA<12>                    | IOB              | OUTPUT    | LVCMOS25             |       | 12       | SLOW |              |          |          |
| S_AXI_RDATA<13>                    | IOB              | OUTPUT    | LVCMOS25             |       | 12       | SLOW |              |          |          |
| S_AXI_RDATA<14>                    | IOB              | OUTPUT    | LVCMOS25             |       | 12       | SLOW |              |          |          |
| S_AXI_RDATA<15>                    | IOB              | OUTPUT    | LVCMOS25             |       | 12       | SLOW |              |          |          |
| S_AXI_RDATA<16>                    | IOB              | OUTPUT    | LVCMOS25             |       | 12       | SLOW |              |          |          |
| S_AXI_RDATA<17>                    | IOB              | OUTPUT    | LVCMOS25             |       | 12       | SLOW |              |          |          |
| S_AXI_RDATA<18>                    | IOB              | OUTPUT    | LVCMOS25             |       | 12       | SLOW |              |          |          |
| S_AXI_RDATA<19>                    | IOB              | OUTPUT    | LVCMOS25             |       | 12       | SLOW |              |          |          |
| S_AXI_RDATA<20>                    | IOB              | OUTPUT    | LVCMOS25             |       | 12       | SLOW |              |          |          |
| S_AXI_RDATA<21>                    | IOB              | OUTPUT    | LVCMOS25             |       | 12       | SLOW |              |          |          |
| S_AXI_RDATA<22>                    | IOB              | OUTPUT    | LVCMOS25             |       | 12       | SLOW |              |          |          |
| S_AXI_RDATA<23>                    | IOB              | OUTPUT    | LVCMOS25             |       | 12       | SLOW |              |          |          |
| S_AXI_RDATA<24>                    | IOB              | OUTPUT    | LVCMOS25             |       | 12       | SLOW |              |          |          |
| S_AXI_RDATA<25>                    | IOB              | OUTPUT    | LVCMOS25             |       | 12       | SLOW |              |          |          |
| S_AXI_RDATA<26>                    | IOB              | OUTPUT    | LVCMOS25             |       | 12       | SLOW |              |          |          |
| S_AXI_RDATA<27>                    | IOB              | OUTPUT    | LVCMOS25             |       | 12       | SLOW |              |          |          |
| S_AXI_RDATA<28>                    | IOB              | OUTPUT    | LVCMOS25             |       | 12       | SLOW |              |          |          |
| S_AXI_RDATA<29>                    | IOB              | OUTPUT    | LVCMOS25             |       | 12       | SLOW |              |          |          |
| S_AXI_RDATA<30>                    | IOB              | OUTPUT    | LVCMOS25             |       | 12       | SLOW |              |          |          |
| S_AXI_RDATA<31>                    | IOB              | OUTPUT    | LVCMOS25             |       | 12       | SLOW |              |          |          |
| S_AXI_RREADY                       | IOB              | INPUT     | LVCMOS25             |       |          |      |              |          |          |
| S_AXI_RRESP<0>                     | IOB              | OUTPUT    | LVCMOS25             |       | 12       | SLOW |              |          |          |
| S_AXI_RRESP<1>                     | IOB              | OUTPUT    | LVCMOS25             |       | 12       | SLOW |              |          |          |
| S_AXI_RVALID                       | IOB              | OUTPUT    | LVCMOS25             |       | 12       | SLOW |              |          |          |
| S_AXI_WDATA<0>                     | IOB              | INPUT     | LVCMOS25             |       |          |      |              |          |          |
| S_AXI_WDATA<1>                     | IOB              | INPUT     | LVCMOS25             |       |          |      |              |          |          |
| S_AXI_WDATA<2>                     | IOB              | INPUT     | LVCMOS25             |       |          |      |              |          |          |
| S_AXI_WDATA<3>                     | IOB              | INPUT     | LVCMOS25             |       |          |      |              |          |          |
| S_AXI_WDATA<4>                     | IOB              | INPUT     | LVCMOS25             |       |          |      |              |          |          |
| S_AXI_WDATA<5>                     | IOB              | INPUT     | LVCMOS25             |       |          |      |              |          |          |
| S_AXI_WDATA<6>                     | IOB              | INPUT     | LVCMOS25             |       |          |      |              |          |          |
| S_AXI_WDATA<7>                     | IOB              | INPUT     | LVCMOS25             |       |          |      |              |          |          |
| S_AXI_WDATA<8>                     | IOB              | INPUT     | LVCMOS25             |       |          |      |              |          |          |
| S_AXI_WDATA<9>                     | IOB              | INPUT     | LVCMOS25             |       |          |      |              |          |          |
| S_AXI_WDATA<10>                    | IOB              | INPUT     | LVCMOS25             |       |          |      |              |          |          |
| S_AXI_WDATA<11>                    | IOB              | INPUT     | LVCMOS25             |       |          |      |              |          |          |
| S_AXI_WDATA<12>                    | IOB              | INPUT     | LVCMOS25             |       |          |      |              |          |          |
| S_AXI_WDATA<13>                    | IOB              | INPUT     | LVCMOS25             |       |          |      |              |          |          |
| S_AXI_WDATA<14>                    | IOB              | INPUT     | LVCMOS25             |       |          |      |              |          |          |
| S_AXI_WDATA<15>                    | IOB              | INPUT     | LVCMOS25             |       |          |      |              |          |          |
| S_AXI_WDATA<16>                    | IOB              | INPUT     | LVCMOS25             |       |          |      |              |          |          |
| S_AXI_WDATA<17>                    | IOB              | INPUT     | LVCMOS25             |       |          |      |              |          |          |
| S_AXI_WDATA<18>                    | IOB              | INPUT     | LVCMOS25             |       |          |      |              |          |          |
| S_AXI_WDATA<19>                    | IOB              | INPUT     | LVCMOS25             |       |          |      |              |          |          |
| S_AXI_WDATA<20>                    | IOB              | INPUT     | LVCMOS25             |       |          |      |              |          |          |
| S_AXI_WDATA<21>                    | IOB              | INPUT     | LVCMOS25             |       |          |      |              |          |          |
| S_AXI_WDATA<22>                    | IOB              | INPUT     | LVCMOS25             |       |          |      |              |          |          |
| S_AXI_WDATA<23>                    | IOB              | INPUT     | LVCMOS25             |       |          |      |              |          |          |
| S_AXI_WDATA<24>                    | IOB              | INPUT     | LVCMOS25             |       |          |      |              |          |          |
| S_AXI_WDATA<25>                    | IOB              | INPUT     | LVCMOS25             |       |          |      |              |          |          |
| S_AXI_WDATA<26>                    | IOB              | INPUT     | LVCMOS25             |       |          |      |              |          |          |
| S_AXI_WDATA<27>                    | IOB              | INPUT     | LVCMOS25             |       |          |      |              |          |          |
| S_AXI_WDATA<28>                    | IOB              | INPUT     | LVCMOS25             |       |          |      |              |          |          |
| S_AXI_WDATA<29>                    | IOB              | INPUT     | LVCMOS25             |       |          |      |              |          |          |
| S_AXI_WDATA<30>                    | IOB              | INPUT     | LVCMOS25             |       |          |      |              |          |          |
| S_AXI_WDATA<31>                    | IOB              | INPUT     | LVCMOS25             |       |          |      |              |          |          |
| S_AXI_WREADY                       | IOB              | OUTPUT    | LVCMOS25             |       | 12       | SLOW |              |          |          |
| S_AXI_WVALID                       | IOB              | INPUT     | LVCMOS25             |       |          |      |              |          |          |
+---------------------------------------------------------------------------------------------------------------------------------------------------------+

Section 7 - RPMs
----------------

Section 8 - Guide Report
------------------------
Guide not run on this design.

Section 9 - Area Group and Partition Summary
--------------------------------------------

Partition Implementation Status
-------------------------------

  No Partitions were found in this design.

-------------------------------

Area Group Information
----------------------

  No area groups were found in this design.

----------------------

Section 10 - Timing Report
--------------------------
A logic-level (pre-route) timing report can be generated by using Xilinx static
timing analysis tools, Timing Analyzer (GUI) or TRCE (command line), with the
mapped NCD and PCF files. Please note that this timing report will be generated
using estimated delay information. For accurate numbers, please generate a
timing report with the post Place and Route NCD file.

For more information about the Timing Analyzer, consult the Xilinx Timing
Analyzer Reference Manual; for more information about TRCE, consult the Xilinx
Command Line Tools User Guide "TRACE" chapter.

Section 11 - Configuration String Details
-----------------------------------------
Use the "-detail" map option to print out Configuration Strings

Section 12 - Control Set Information
------------------------------------
Use the "-detail" map option to print out Control Set Information.

Section 13 - Utilization by Hierarchy
-------------------------------------
Use the "-detail" map option to print out the Utilization by Hierarchy section.
